2020-05-28 12:33:14,189 INFO o.a.j.u.JMeterUtils: Setting Locale to en_IN
2020-05-28 12:33:14,201 INFO o.a.j.JMeter: Loading user properties from: user.properties
2020-05-28 12:33:14,201 INFO o.a.j.JMeter: Loading system properties from: system.properties
2020-05-28 12:33:14,203 INFO o.a.j.JMeter: Copyright (c) 1998-2020 The Apache Software Foundation
2020-05-28 12:33:14,203 INFO o.a.j.JMeter: Version 5.3
2020-05-28 12:33:14,203 INFO o.a.j.JMeter: java.version=1.8.0_252
2020-05-28 12:33:14,204 INFO o.a.j.JMeter: java.vm.name=OpenJDK 64-Bit Server VM
2020-05-28 12:33:14,204 INFO o.a.j.JMeter: os.name=Linux
2020-05-28 12:33:14,204 INFO o.a.j.JMeter: os.arch=amd64
2020-05-28 12:33:14,204 INFO o.a.j.JMeter: os.version=4.15.0-101-generic
2020-05-28 12:33:14,204 INFO o.a.j.JMeter: file.encoding=UTF-8
2020-05-28 12:33:14,204 INFO o.a.j.JMeter: java.awt.headless=true
2020-05-28 12:33:14,204 INFO o.a.j.JMeter: Max memory     =3709861888
2020-05-28 12:33:14,204 INFO o.a.j.JMeter: Available Processors =4
2020-05-28 12:33:14,208 INFO o.a.j.JMeter: Default Locale=English (India)
2020-05-28 12:33:14,208 INFO o.a.j.JMeter: JMeter  Locale=English (India)
2020-05-28 12:33:14,208 INFO o.a.j.JMeter: JMeterHome=/home/suresh/Automation_POC/jmeter-setup/apache-jmeter
2020-05-28 12:33:14,209 INFO o.a.j.JMeter: user.dir  =/home/suresh/Automation_POC/jmeter-setup/apache-jmeter/bin
2020-05-28 12:33:14,209 INFO o.a.j.JMeter: PWD       =/home/suresh/Automation_POC/jmeter-setup/apache-jmeter/bin
2020-05-28 12:33:14,209 INFO o.a.j.JMeter: IP: 127.0.1.1 Name: suresh FullName: suresh
2020-05-28 12:33:14,213 INFO o.a.j.s.FileServer: Default base='/home/suresh/Automation_POC/jmeter-setup/apache-jmeter/bin'
2020-05-28 12:33:14,217 INFO o.a.j.s.FileServer: Set new base='/home/suresh/Automation_POC/jmeter-setup/apache-jmeter/bin'
2020-05-28 12:33:14,331 INFO o.a.j.s.SaveService: Testplan (JMX) version: 2.2. Testlog (JTL) version: 2.2
2020-05-28 12:33:14,362 INFO o.a.j.s.SaveService: Using SaveService properties file encoding UTF-8
2020-05-28 12:33:14,366 INFO o.a.j.s.SaveService: Using SaveService properties version 5.0
2020-05-28 12:33:14,371 INFO o.a.j.s.SaveService: Loading file: testplan.jmx
2020-05-28 12:33:14,409 INFO o.a.j.p.h.s.HTTPSamplerBase: Parser for text/html is org.apache.jmeter.protocol.http.parser.LagartoBasedHtmlParser
2020-05-28 12:33:14,409 INFO o.a.j.p.h.s.HTTPSamplerBase: Parser for application/xhtml+xml is org.apache.jmeter.protocol.http.parser.LagartoBasedHtmlParser
2020-05-28 12:33:14,409 INFO o.a.j.p.h.s.HTTPSamplerBase: Parser for application/xml is org.apache.jmeter.protocol.http.parser.LagartoBasedHtmlParser
2020-05-28 12:33:14,409 INFO o.a.j.p.h.s.HTTPSamplerBase: Parser for text/xml is org.apache.jmeter.protocol.http.parser.LagartoBasedHtmlParser
2020-05-28 12:33:14,409 INFO o.a.j.p.h.s.HTTPSamplerBase: Parser for text/vnd.wap.wml is org.apache.jmeter.protocol.http.parser.RegexpHTMLParser
2020-05-28 12:33:14,410 INFO o.a.j.p.h.s.HTTPSamplerBase: Parser for text/css is org.apache.jmeter.protocol.http.parser.CssParser
2020-05-28 12:33:14,429 INFO o.a.j.JMeter: Creating summariser <summary>
2020-05-28 12:33:14,436 INFO o.a.j.e.StandardJMeterEngine: Running the test!
2020-05-28 12:33:14,437 INFO o.a.j.s.SampleEvent: List of sample_variables: []
2020-05-28 12:33:14,437 INFO o.a.j.s.SampleEvent: List of sample_variables: []
2020-05-28 12:33:14,443 INFO o.a.j.e.u.CompoundVariable: Note: Function class names must contain the string: '.functions.'
2020-05-28 12:33:14,443 INFO o.a.j.e.u.CompoundVariable: Note: Function class names must not contain the string: '.gui.'
2020-05-28 12:33:14,755 INFO o.a.j.JMeter: Running test (1590649394755)
2020-05-28 12:33:14,806 INFO o.a.j.e.StandardJMeterEngine: Starting ThreadGroup: 1 : Test Group
2020-05-28 12:33:14,806 INFO o.a.j.e.StandardJMeterEngine: Starting 10 threads for group Test Group.
2020-05-28 12:33:14,806 INFO o.a.j.e.StandardJMeterEngine: Thread will continue on error
2020-05-28 12:33:14,806 INFO o.a.j.t.ThreadGroup: Starting thread group... number=1 threads=10 ramp-up=1 delayedStart=false
2020-05-28 12:33:14,814 INFO o.a.j.t.JMeterThread: Thread started: Test Group 1-1
2020-05-28 12:33:14,818 INFO o.a.j.t.ThreadGroup: Started thread group number 1
2020-05-28 12:33:14,819 INFO o.a.j.e.StandardJMeterEngine: All thread groups have been started
2020-05-28 12:33:14,830 INFO o.a.j.p.h.s.HTTPHCAbstractImpl: Local host = suresh
2020-05-28 12:33:14,836 INFO o.a.j.p.h.s.HTTPHC4Impl: HTTP request retry count = 0
2020-05-28 12:33:14,837 INFO o.a.j.s.SampleResult: Note: Sample TimeStamps are START times
2020-05-28 12:33:14,837 INFO o.a.j.s.SampleResult: sampleresult.default.encoding is set to ISO-8859-1
2020-05-28 12:33:14,837 INFO o.a.j.s.SampleResult: sampleresult.useNanoTime=true
2020-05-28 12:33:14,837 INFO o.a.j.s.SampleResult: sampleresult.nanoThreadSleep=5000
2020-05-28 12:33:14,911 INFO o.a.j.t.JMeterThread: Thread started: Test Group 1-2
2020-05-28 12:33:14,940 INFO o.a.j.p.h.s.h.LazyLayeredConnectionSocketFactory: Setting up HTTPS TrustAll Socket Factory
2020-05-28 12:33:14,947 INFO o.a.j.u.JsseSSLManager: Using default SSL protocol: TLS
2020-05-28 12:33:14,947 INFO o.a.j.u.JsseSSLManager: SSL session context: per-thread
2020-05-28 12:33:15,010 INFO o.a.j.t.JMeterThread: Thread started: Test Group 1-3
2020-05-28 12:33:15,015 INFO o.a.j.u.SSLManager: JmeterKeyStore Location:  type JKS
2020-05-28 12:33:15,018 INFO o.a.j.u.SSLManager: KeyStore created OK
2020-05-28 12:33:15,018 WARN o.a.j.u.SSLManager: Keystore file not found, loading empty keystore
2020-05-28 12:33:15,110 INFO o.a.j.t.JMeterThread: Thread started: Test Group 1-4
2020-05-28 12:33:15,209 INFO o.a.j.t.JMeterThread: Thread started: Test Group 1-5
2020-05-28 12:33:15,309 INFO o.a.j.t.JMeterThread: Thread started: Test Group 1-6
2020-05-28 12:33:15,409 INFO o.a.j.t.JMeterThread: Thread started: Test Group 1-7
2020-05-28 12:33:15,512 INFO o.a.j.t.JMeterThread: Thread started: Test Group 1-8
2020-05-28 12:33:15,608 INFO o.a.j.t.JMeterThread: Thread started: Test Group 1-9
2020-05-28 12:33:15,709 INFO o.a.j.t.JMeterThread: Thread started: Test Group 1-10
2020-05-28 12:33:16,277 INFO o.a.j.t.JMeterThread: Thread is done: Test Group 1-3
2020-05-28 12:33:16,278 INFO o.a.j.t.JMeterThread: Thread finished: Test Group 1-3
2020-05-28 12:33:16,296 INFO o.a.j.t.JMeterThread: Thread is done: Test Group 1-5
2020-05-28 12:33:16,297 INFO o.a.j.t.JMeterThread: Thread finished: Test Group 1-5
2020-05-28 12:33:16,302 INFO o.a.j.t.JMeterThread: Thread is done: Test Group 1-1
2020-05-28 12:33:16,302 INFO o.a.j.t.JMeterThread: Thread finished: Test Group 1-1
2020-05-28 12:33:16,319 INFO o.a.j.t.JMeterThread: Thread is done: Test Group 1-2
2020-05-28 12:33:16,319 INFO o.a.j.t.JMeterThread: Thread finished: Test Group 1-2
2020-05-28 12:33:16,324 INFO o.a.j.t.JMeterThread: Thread is done: Test Group 1-4
2020-05-28 12:33:16,325 INFO o.a.j.t.JMeterThread: Thread finished: Test Group 1-4
2020-05-28 12:33:16,400 INFO o.a.j.t.JMeterThread: Thread is done: Test Group 1-6
2020-05-28 12:33:16,400 INFO o.a.j.t.JMeterThread: Thread finished: Test Group 1-6
2020-05-28 12:33:16,490 INFO o.a.j.t.JMeterThread: Thread is done: Test Group 1-7
2020-05-28 12:33:16,490 INFO o.a.j.t.JMeterThread: Thread finished: Test Group 1-7
2020-05-28 12:33:16,548 INFO o.a.j.t.JMeterThread: Thread is done: Test Group 1-8
2020-05-28 12:33:16,548 INFO o.a.j.t.JMeterThread: Thread finished: Test Group 1-8
2020-05-28 12:33:16,633 INFO o.a.j.t.JMeterThread: Thread is done: Test Group 1-9
2020-05-28 12:33:16,633 INFO o.a.j.t.JMeterThread: Thread finished: Test Group 1-9
2020-05-28 12:33:16,778 INFO o.a.j.t.JMeterThread: Thread is done: Test Group 1-10
2020-05-28 12:33:16,779 INFO o.a.j.t.JMeterThread: Thread finished: Test Group 1-10
2020-05-28 12:33:16,780 INFO o.a.j.e.StandardJMeterEngine: Notifying test listeners of end of test
2020-05-28 12:33:16,783 INFO o.a.j.r.Summariser: summary =    100 in 00:00:02 =   49.4/s Avg:   115 Min:    83 Max:   530 Err:     0 (0.00%)
